0 info it worked if it ends with ok
1 verbose cli [ '/Users/evan/.nvm/versions/node/v4.2.1/bin/node',
1 verbose cli   '/Users/evan/.nvm/versions/node/v4.2.1/bin/npm',
1 verbose cli   'install' ]
2 info using npm@2.14.7
3 info using node@v4.2.1
4 verbose readDependencies loading dependencies from /Users/evan/Github/e-schultz/ngcourse-next/package.json
5 verbose install where, deps [ '/Users/evan/Github/e-schultz/ngcourse-next',
5 verbose install   [ 'angular',
5 verbose install     'angular-ui-router',
5 verbose install     'angular2',
5 verbose install     'basscss',
5 verbose install     'es6-promise',
5 verbose install     'es6-shim',
5 verbose install     'font-awesome',
5 verbose install     'immutable',
5 verbose install     'koast-angular',
5 verbose install     'lodash-compat',
5 verbose install     'reflect-metadata',
5 verbose install     'rx',
5 verbose install     'rxjs',
5 verbose install     'zone.js',
5 verbose install     'angular-mocks',
5 verbose install     'chai',
5 verbose install     'css-loader',
5 verbose install     'extract-text-webpack-plugin',
5 verbose install     'file-loader',
5 verbose install     'html-webpack-plugin',
5 verbose install     'istanbul',
5 verbose install     'istanbul-instrumenter-loader',
5 verbose install     'karma',
5 verbose install     'karma-chai',
5 verbose install     'karma-chrome-launcher',
5 verbose install     'karma-coverage',
5 verbose install     'karma-mocha',
5 verbose install     'karma-mocha-reporter',
5 verbose install     'karma-sinon',
5 verbose install     'karma-sourcemap-loader',
5 verbose install     'karma-webpack',
5 verbose install     'mocha',
5 verbose install     'ramda',
5 verbose install     'raw-loader',
5 verbose install     'rimraf',
5 verbose install     'selenium-standalone',
5 verbose install     'sinon',
5 verbose install     'sinon-chai',
5 verbose install     'style-loader',
5 verbose install     'ts-loader',
5 verbose install     'tsd',
5 verbose install     'tslint-loader',
5 verbose install     'typescript',
5 verbose install     'url-loader',
5 verbose install     'webdriverio',
5 verbose install     'webpack',
5 verbose install     'webpack-dev-server' ] ]
6 verbose install where, peers [ '/Users/evan/Github/e-schultz/ngcourse-next', [] ]
7 verbose installManyTop reading for lifecycle /Users/evan/Github/e-schultz/ngcourse-next/package.json
8 info preinstall ngcourse-next@1.0.0
9 verbose installManyTop reading scoped package data from /Users/evan/Github/e-schultz/ngcourse-next/node_modules/angular/package.json
10 verbose installManyTop reading scoped package data from /Users/evan/Github/e-schultz/ngcourse-next/node_modules/angular-mocks/package.json
11 verbose installManyTop reading scoped package data from /Users/evan/Github/e-schultz/ngcourse-next/node_modules/angular-ui-router/package.json
12 verbose installManyTop reading scoped package data from /Users/evan/Github/e-schultz/ngcourse-next/node_modules/angular2/package.json
13 verbose installManyTop reading scoped package data from /Users/evan/Github/e-schultz/ngcourse-next/node_modules/basscss/package.json
14 verbose installManyTop reading scoped package data from /Users/evan/Github/e-schultz/ngcourse-next/node_modules/chai/package.json
15 verbose installManyTop reading scoped package data from /Users/evan/Github/e-schultz/ngcourse-next/node_modules/chai-as-promised/package.json
16 verbose installManyTop reading scoped package data from /Users/evan/Github/e-schultz/ngcourse-next/node_modules/css-loader/package.json
17 verbose installManyTop reading scoped package data from /Users/evan/Github/e-schultz/ngcourse-next/node_modules/es6-promise/package.json
18 verbose installManyTop reading scoped package data from /Users/evan/Github/e-schultz/ngcourse-next/node_modules/es6-shim/package.json
19 verbose installManyTop reading scoped package data from /Users/evan/Github/e-schultz/ngcourse-next/node_modules/extract-text-webpack-plugin/package.json
20 verbose installManyTop reading scoped package data from /Users/evan/Github/e-schultz/ngcourse-next/node_modules/file-loader/package.json
21 verbose installManyTop reading scoped package data from /Users/evan/Github/e-schultz/ngcourse-next/node_modules/font-awesome/package.json
22 verbose installManyTop reading scoped package data from /Users/evan/Github/e-schultz/ngcourse-next/node_modules/gulp/package.json
23 verbose installManyTop reading scoped package data from /Users/evan/Github/e-schultz/ngcourse-next/node_modules/gulp-concat/package.json
24 verbose installManyTop reading scoped package data from /Users/evan/Github/e-schultz/ngcourse-next/node_modules/gulp-connect/package.json
25 verbose installManyTop reading scoped package data from /Users/evan/Github/e-schultz/ngcourse-next/node_modules/gulp-filter/package.json
26 verbose installManyTop reading scoped package data from /Users/evan/Github/e-schultz/ngcourse-next/node_modules/gulp-js-beautify/package.json
27 verbose installManyTop reading scoped package data from /Users/evan/Github/e-schultz/ngcourse-next/node_modules/gulp-jshint/package.json
28 verbose installManyTop reading scoped package data from /Users/evan/Github/e-schultz/ngcourse-next/node_modules/gulp-karma/package.json
29 verbose installManyTop reading scoped package data from /Users/evan/Github/e-schultz/ngcourse-next/node_modules/gulp-mocha/package.json
30 verbose installManyTop reading scoped package data from /Users/evan/Github/e-schultz/ngcourse-next/node_modules/gulp-ng-annotate/package.json
31 verbose installManyTop reading scoped package data from /Users/evan/Github/e-schultz/ngcourse-next/node_modules/gulp-protractor/package.json
32 verbose installManyTop reading scoped package data from /Users/evan/Github/e-schultz/ngcourse-next/node_modules/gulp-rename/package.json
33 verbose installManyTop reading scoped package data from /Users/evan/Github/e-schultz/ngcourse-next/node_modules/gulp-sourcemaps/package.json
34 verbose installManyTop reading scoped package data from /Users/evan/Github/e-schultz/ngcourse-next/node_modules/gulp-typescript/package.json
35 verbose installManyTop reading scoped package data from /Users/evan/Github/e-schultz/ngcourse-next/node_modules/gulp-uglify/package.json
36 verbose installManyTop reading scoped package data from /Users/evan/Github/e-schultz/ngcourse-next/node_modules/gulp-watch/package.json
37 verbose installManyTop reading scoped package data from /Users/evan/Github/e-schultz/ngcourse-next/node_modules/html-webpack-plugin/package.json
38 verbose installManyTop reading scoped package data from /Users/evan/Github/e-schultz/ngcourse-next/node_modules/immutable/package.json
39 verbose installManyTop reading scoped package data from /Users/evan/Github/e-schultz/ngcourse-next/node_modules/istanbul/package.json
40 verbose installManyTop reading scoped package data from /Users/evan/Github/e-schultz/ngcourse-next/node_modules/istanbul-instrumenter-loader/package.json
41 verbose installManyTop reading scoped package data from /Users/evan/Github/e-schultz/ngcourse-next/node_modules/karma/package.json
42 verbose installManyTop reading scoped package data from /Users/evan/Github/e-schultz/ngcourse-next/node_modules/karma-chai/package.json
43 verbose installManyTop reading scoped package data from /Users/evan/Github/e-schultz/ngcourse-next/node_modules/karma-chrome-launcher/package.json
44 verbose installManyTop reading scoped package data from /Users/evan/Github/e-schultz/ngcourse-next/node_modules/karma-coverage/package.json
45 verbose installManyTop reading scoped package data from /Users/evan/Github/e-schultz/ngcourse-next/node_modules/karma-mocha/package.json
46 verbose installManyTop reading scoped package data from /Users/evan/Github/e-schultz/ngcourse-next/node_modules/karma-mocha-reporter/package.json
47 verbose installManyTop reading scoped package data from /Users/evan/Github/e-schultz/ngcourse-next/node_modules/karma-ng-html2js-preprocessor/package.json
48 verbose installManyTop reading scoped package data from /Users/evan/Github/e-schultz/ngcourse-next/node_modules/karma-requirejs/package.json
49 verbose installManyTop reading scoped package data from /Users/evan/Github/e-schultz/ngcourse-next/node_modules/karma-sinon/package.json
50 verbose installManyTop reading scoped package data from /Users/evan/Github/e-schultz/ngcourse-next/node_modules/karma-sourcemap-loader/package.json
51 verbose installManyTop reading scoped package data from /Users/evan/Github/e-schultz/ngcourse-next/node_modules/karma-typescript-preprocessor/package.json
52 verbose installManyTop reading scoped package data from /Users/evan/Github/e-schultz/ngcourse-next/node_modules/karma-webpack/package.json
53 verbose installManyTop reading scoped package data from /Users/evan/Github/e-schultz/ngcourse-next/node_modules/koast-angular/package.json
54 verbose installManyTop reading scoped package data from /Users/evan/Github/e-schultz/ngcourse-next/node_modules/lodash/package.json
55 verbose installManyTop reading scoped package data from /Users/evan/Github/e-schultz/ngcourse-next/node_modules/lodash-compat/package.json
56 verbose installManyTop reading scoped package data from /Users/evan/Github/e-schultz/ngcourse-next/node_modules/mocha/package.json
57 verbose installManyTop reading scoped package data from /Users/evan/Github/e-schultz/ngcourse-next/node_modules/q/package.json
58 verbose installManyTop reading scoped package data from /Users/evan/Github/e-schultz/ngcourse-next/node_modules/ramda/package.json
59 verbose installManyTop reading scoped package data from /Users/evan/Github/e-schultz/ngcourse-next/node_modules/rangle-gulp/package.json
60 verbose installManyTop reading scoped package data from /Users/evan/Github/e-schultz/ngcourse-next/node_modules/raw-loader/package.json
61 verbose installManyTop reading scoped package data from /Users/evan/Github/e-schultz/ngcourse-next/node_modules/reflect-metadata/package.json
62 verbose installManyTop reading scoped package data from /Users/evan/Github/e-schultz/ngcourse-next/node_modules/requirejs/package.json
63 verbose installManyTop reading scoped package data from /Users/evan/Github/e-schultz/ngcourse-next/node_modules/rimraf/package.json
64 verbose installManyTop reading scoped package data from /Users/evan/Github/e-schultz/ngcourse-next/node_modules/rx/package.json
65 verbose installManyTop reading scoped package data from /Users/evan/Github/e-schultz/ngcourse-next/node_modules/rxjs/package.json
66 verbose installManyTop reading scoped package data from /Users/evan/Github/e-schultz/ngcourse-next/node_modules/selenium-standalone/package.json
67 verbose installManyTop reading scoped package data from /Users/evan/Github/e-schultz/ngcourse-next/node_modules/sinon/package.json
68 verbose installManyTop reading scoped package data from /Users/evan/Github/e-schultz/ngcourse-next/node_modules/sinon-chai/package.json
69 verbose installManyTop reading scoped package data from /Users/evan/Github/e-schultz/ngcourse-next/node_modules/style-loader/package.json
70 verbose installManyTop reading scoped package data from /Users/evan/Github/e-schultz/ngcourse-next/node_modules/supertest/package.json
71 verbose installManyTop reading scoped package data from /Users/evan/Github/e-schultz/ngcourse-next/node_modules/supertest-as-promised/package.json
72 verbose installManyTop reading scoped package data from /Users/evan/Github/e-schultz/ngcourse-next/node_modules/systemjs-builder/package.json
73 verbose installManyTop reading scoped package data from /Users/evan/Github/e-schultz/ngcourse-next/node_modules/ts-loader/package.json
74 verbose installManyTop reading scoped package data from /Users/evan/Github/e-schultz/ngcourse-next/node_modules/tsd/package.json
75 verbose installManyTop reading scoped package data from /Users/evan/Github/e-schultz/ngcourse-next/node_modules/tslint-loader/package.json
76 verbose installManyTop reading scoped package data from /Users/evan/Github/e-schultz/ngcourse-next/node_modules/typescript/package.json
77 verbose installManyTop reading scoped package data from /Users/evan/Github/e-schultz/ngcourse-next/node_modules/url-loader/package.json
78 verbose installManyTop reading scoped package data from /Users/evan/Github/e-schultz/ngcourse-next/node_modules/webdriverio/package.json
79 verbose installManyTop reading scoped package data from /Users/evan/Github/e-schultz/ngcourse-next/node_modules/webpack/package.json
80 verbose installManyTop reading scoped package data from /Users/evan/Github/e-schultz/ngcourse-next/node_modules/webpack-dev-server/package.json
81 verbose installManyTop reading scoped package data from /Users/evan/Github/e-schultz/ngcourse-next/node_modules/zone.js/package.json
82 info package.json angular-ui-router@0.2.15 No license field.
83 info package.json gulp-concat@2.5.2 No license field.
84 info package.json gulp-ng-annotate@0.5.3 license should be a valid SPDX license expression
85 info package.json gulp-protractor@0.0.12 No license field.
86 info package.json gulp-rename@1.2.2 No license field.
87 info package.json karma-sinon@1.0.4 No license field.
88 info package.json q@1.4.1 license should be a valid SPDX license expression
89 info package.json raw-loader@0.5.1 No license field.
90 info package.json requirejs@2.1.18 No license field.
91 info package.json tsd@0.6.5 No license field.
92 info package.json webdriverio@3.3.0 No license field.
93 verbose readDependencies loading dependencies from /Users/evan/Github/e-schultz/ngcourse-next/package.json
94 verbose targetResolver reading package data from /Users/evan/Github/e-schultz/ngcourse-next/node_modules/angular/package.json
95 verbose targetResolver reading package data from /Users/evan/Github/e-schultz/ngcourse-next/node_modules/angular-mocks/package.json
96 verbose targetResolver reading package data from /Users/evan/Github/e-schultz/ngcourse-next/node_modules/angular-ui-router/package.json
97 verbose targetResolver reading package data from /Users/evan/Github/e-schultz/ngcourse-next/node_modules/angular2/package.json
98 verbose targetResolver reading package data from /Users/evan/Github/e-schultz/ngcourse-next/node_modules/basscss/package.json
99 verbose targetResolver reading package data from /Users/evan/Github/e-schultz/ngcourse-next/node_modules/chai/package.json
100 verbose targetResolver reading package data from /Users/evan/Github/e-schultz/ngcourse-next/node_modules/chai-as-promised/package.json
101 verbose targetResolver reading package data from /Users/evan/Github/e-schultz/ngcourse-next/node_modules/css-loader/package.json
102 verbose targetResolver reading package data from /Users/evan/Github/e-schultz/ngcourse-next/node_modules/es6-promise/package.json
103 verbose targetResolver reading package data from /Users/evan/Github/e-schultz/ngcourse-next/node_modules/es6-shim/package.json
104 verbose targetResolver reading package data from /Users/evan/Github/e-schultz/ngcourse-next/node_modules/extract-text-webpack-plugin/package.json
105 verbose targetResolver reading package data from /Users/evan/Github/e-schultz/ngcourse-next/node_modules/file-loader/package.json
106 verbose targetResolver reading package data from /Users/evan/Github/e-schultz/ngcourse-next/node_modules/font-awesome/package.json
107 verbose targetResolver reading package data from /Users/evan/Github/e-schultz/ngcourse-next/node_modules/gulp/package.json
108 verbose targetResolver reading package data from /Users/evan/Github/e-schultz/ngcourse-next/node_modules/gulp-concat/package.json
109 verbose targetResolver reading package data from /Users/evan/Github/e-schultz/ngcourse-next/node_modules/gulp-connect/package.json
110 verbose targetResolver reading package data from /Users/evan/Github/e-schultz/ngcourse-next/node_modules/gulp-filter/package.json
111 verbose targetResolver reading package data from /Users/evan/Github/e-schultz/ngcourse-next/node_modules/gulp-js-beautify/package.json
112 verbose targetResolver reading package data from /Users/evan/Github/e-schultz/ngcourse-next/node_modules/gulp-jshint/package.json
113 verbose targetResolver reading package data from /Users/evan/Github/e-schultz/ngcourse-next/node_modules/gulp-karma/package.json
114 verbose targetResolver reading package data from /Users/evan/Github/e-schultz/ngcourse-next/node_modules/gulp-mocha/package.json
115 verbose targetResolver reading package data from /Users/evan/Github/e-schultz/ngcourse-next/node_modules/gulp-ng-annotate/package.json
116 verbose targetResolver reading package data from /Users/evan/Github/e-schultz/ngcourse-next/node_modules/gulp-protractor/package.json
117 verbose targetResolver reading package data from /Users/evan/Github/e-schultz/ngcourse-next/node_modules/gulp-rename/package.json
118 verbose targetResolver reading package data from /Users/evan/Github/e-schultz/ngcourse-next/node_modules/gulp-sourcemaps/package.json
119 verbose targetResolver reading package data from /Users/evan/Github/e-schultz/ngcourse-next/node_modules/gulp-typescript/package.json
120 verbose targetResolver reading package data from /Users/evan/Github/e-schultz/ngcourse-next/node_modules/gulp-uglify/package.json
121 verbose targetResolver reading package data from /Users/evan/Github/e-schultz/ngcourse-next/node_modules/gulp-watch/package.json
122 verbose targetResolver reading package data from /Users/evan/Github/e-schultz/ngcourse-next/node_modules/html-webpack-plugin/package.json
123 verbose targetResolver reading package data from /Users/evan/Github/e-schultz/ngcourse-next/node_modules/immutable/package.json
124 verbose targetResolver reading package data from /Users/evan/Github/e-schultz/ngcourse-next/node_modules/istanbul/package.json
125 verbose targetResolver reading package data from /Users/evan/Github/e-schultz/ngcourse-next/node_modules/istanbul-instrumenter-loader/package.json
126 verbose targetResolver reading package data from /Users/evan/Github/e-schultz/ngcourse-next/node_modules/karma/package.json
127 verbose targetResolver reading package data from /Users/evan/Github/e-schultz/ngcourse-next/node_modules/karma-chai/package.json
128 verbose targetResolver reading package data from /Users/evan/Github/e-schultz/ngcourse-next/node_modules/karma-chrome-launcher/package.json
129 verbose targetResolver reading package data from /Users/evan/Github/e-schultz/ngcourse-next/node_modules/karma-coverage/package.json
130 verbose targetResolver reading package data from /Users/evan/Github/e-schultz/ngcourse-next/node_modules/karma-mocha/package.json
131 verbose targetResolver reading package data from /Users/evan/Github/e-schultz/ngcourse-next/node_modules/karma-mocha-reporter/package.json
132 verbose targetResolver reading package data from /Users/evan/Github/e-schultz/ngcourse-next/node_modules/karma-ng-html2js-preprocessor/package.json
133 verbose targetResolver reading package data from /Users/evan/Github/e-schultz/ngcourse-next/node_modules/karma-requirejs/package.json
134 verbose targetResolver reading package data from /Users/evan/Github/e-schultz/ngcourse-next/node_modules/karma-sinon/package.json
135 verbose targetResolver reading package data from /Users/evan/Github/e-schultz/ngcourse-next/node_modules/karma-sourcemap-loader/package.json
136 verbose targetResolver reading package data from /Users/evan/Github/e-schultz/ngcourse-next/node_modules/karma-typescript-preprocessor/package.json
137 verbose targetResolver reading package data from /Users/evan/Github/e-schultz/ngcourse-next/node_modules/karma-webpack/package.json
138 verbose targetResolver reading package data from /Users/evan/Github/e-schultz/ngcourse-next/node_modules/koast-angular/package.json
139 verbose targetResolver reading package data from /Users/evan/Github/e-schultz/ngcourse-next/node_modules/lodash/package.json
140 verbose targetResolver reading package data from /Users/evan/Github/e-schultz/ngcourse-next/node_modules/lodash-compat/package.json
141 verbose targetResolver reading package data from /Users/evan/Github/e-schultz/ngcourse-next/node_modules/mocha/package.json
142 verbose targetResolver reading package data from /Users/evan/Github/e-schultz/ngcourse-next/node_modules/q/package.json
143 verbose targetResolver reading package data from /Users/evan/Github/e-schultz/ngcourse-next/node_modules/ramda/package.json
144 verbose targetResolver reading package data from /Users/evan/Github/e-schultz/ngcourse-next/node_modules/rangle-gulp/package.json
145 verbose targetResolver reading package data from /Users/evan/Github/e-schultz/ngcourse-next/node_modules/raw-loader/package.json
146 verbose targetResolver reading package data from /Users/evan/Github/e-schultz/ngcourse-next/node_modules/reflect-metadata/package.json
147 verbose targetResolver reading package data from /Users/evan/Github/e-schultz/ngcourse-next/node_modules/requirejs/package.json
148 verbose targetResolver reading package data from /Users/evan/Github/e-schultz/ngcourse-next/node_modules/rimraf/package.json
149 verbose targetResolver reading package data from /Users/evan/Github/e-schultz/ngcourse-next/node_modules/rx/package.json
150 verbose targetResolver reading package data from /Users/evan/Github/e-schultz/ngcourse-next/node_modules/rxjs/package.json
151 verbose targetResolver reading package data from /Users/evan/Github/e-schultz/ngcourse-next/node_modules/selenium-standalone/package.json
152 verbose targetResolver reading package data from /Users/evan/Github/e-schultz/ngcourse-next/node_modules/sinon/package.json
153 verbose targetResolver reading package data from /Users/evan/Github/e-schultz/ngcourse-next/node_modules/sinon-chai/package.json
154 verbose targetResolver reading package data from /Users/evan/Github/e-schultz/ngcourse-next/node_modules/style-loader/package.json
155 verbose targetResolver reading package data from /Users/evan/Github/e-schultz/ngcourse-next/node_modules/supertest/package.json
156 verbose targetResolver reading package data from /Users/evan/Github/e-schultz/ngcourse-next/node_modules/supertest-as-promised/package.json
157 verbose targetResolver reading package data from /Users/evan/Github/e-schultz/ngcourse-next/node_modules/systemjs-builder/package.json
158 verbose targetResolver reading package data from /Users/evan/Github/e-schultz/ngcourse-next/node_modules/ts-loader/package.json
159 verbose targetResolver reading package data from /Users/evan/Github/e-schultz/ngcourse-next/node_modules/tsd/package.json
160 verbose targetResolver reading package data from /Users/evan/Github/e-schultz/ngcourse-next/node_modules/tslint-loader/package.json
161 verbose targetResolver reading package data from /Users/evan/Github/e-schultz/ngcourse-next/node_modules/typescript/package.json
162 verbose targetResolver reading package data from /Users/evan/Github/e-schultz/ngcourse-next/node_modules/url-loader/package.json
163 verbose targetResolver reading package data from /Users/evan/Github/e-schultz/ngcourse-next/node_modules/webdriverio/package.json
164 verbose targetResolver reading package data from /Users/evan/Github/e-schultz/ngcourse-next/node_modules/webpack/package.json
165 verbose targetResolver reading package data from /Users/evan/Github/e-schultz/ngcourse-next/node_modules/webpack-dev-server/package.json
166 verbose targetResolver reading package data from /Users/evan/Github/e-schultz/ngcourse-next/node_modules/zone.js/package.json
167 verbose targetResolver reading package data from /Users/evan/Github/e-schultz/ngcourse-next/node_modules/.bin/gulp/package.json
168 verbose targetResolver reading package data from /Users/evan/Github/e-schultz/ngcourse-next/node_modules/.bin/istanbul/package.json
169 verbose targetResolver reading package data from /Users/evan/Github/e-schultz/ngcourse-next/node_modules/.bin/karma/package.json
170 verbose targetResolver reading package data from /Users/evan/Github/e-schultz/ngcourse-next/node_modules/.bin/mocha/package.json
171 verbose targetResolver reading package data from /Users/evan/Github/e-schultz/ngcourse-next/node_modules/.bin/r.js/package.json
172 verbose targetResolver reading package data from /Users/evan/Github/e-schultz/ngcourse-next/node_modules/.bin/rimraf/package.json
173 verbose targetResolver reading package data from /Users/evan/Github/e-schultz/ngcourse-next/node_modules/.bin/selenium-standalone/package.json
174 verbose targetResolver reading package data from /Users/evan/Github/e-schultz/ngcourse-next/node_modules/.bin/start-selenium/package.json
175 verbose targetResolver reading package data from /Users/evan/Github/e-schultz/ngcourse-next/node_modules/.bin/tsc/package.json
176 verbose targetResolver reading package data from /Users/evan/Github/e-schultz/ngcourse-next/node_modules/.bin/tsd/package.json
177 verbose targetResolver reading package data from /Users/evan/Github/e-schultz/ngcourse-next/node_modules/.bin/tsserver/package.json
178 verbose targetResolver reading package data from /Users/evan/Github/e-schultz/ngcourse-next/node_modules/.bin/wdio/package.json
179 verbose targetResolver reading package data from /Users/evan/Github/e-schultz/ngcourse-next/node_modules/.bin/webpack/package.json
180 verbose targetResolver reading package data from /Users/evan/Github/e-schultz/ngcourse-next/node_modules/.bin/webpack-dev-server/package.json
181 verbose already installed skipping koast-angular@^0.2.2 /Users/evan/Github/e-schultz/ngcourse-next
182 verbose already installed skipping lodash-compat@^3.10.1 /Users/evan/Github/e-schultz/ngcourse-next
183 verbose already installed skipping reflect-metadata@^0.1.2 /Users/evan/Github/e-schultz/ngcourse-next
184 verbose already installed skipping rx@4.0.0 /Users/evan/Github/e-schultz/ngcourse-next
185 verbose already installed skipping rxjs@^5.0.0-beta.0 /Users/evan/Github/e-schultz/ngcourse-next
186 verbose already installed skipping zone.js@^0.5.10 /Users/evan/Github/e-schultz/ngcourse-next
187 verbose already installed skipping angular-mocks@^1.4.7 /Users/evan/Github/e-schultz/ngcourse-next
188 verbose already installed skipping chai@^3.4.0 /Users/evan/Github/e-schultz/ngcourse-next
189 verbose already installed skipping css-loader@^0.21.0 /Users/evan/Github/e-schultz/ngcourse-next
190 verbose already installed skipping extract-text-webpack-plugin@^0.9.0 /Users/evan/Github/e-schultz/ngcourse-next
191 verbose already installed skipping file-loader@^0.8.4 /Users/evan/Github/e-schultz/ngcourse-next
192 verbose already installed skipping html-webpack-plugin@^1.6.2 /Users/evan/Github/e-schultz/ngcourse-next
193 verbose already installed skipping istanbul@^0.4.0 /Users/evan/Github/e-schultz/ngcourse-next
194 verbose already installed skipping istanbul-instrumenter-loader@^0.1.3 /Users/evan/Github/e-schultz/ngcourse-next
195 verbose already installed skipping karma@^0.13.15 /Users/evan/Github/e-schultz/ngcourse-next
196 verbose already installed skipping karma-chai@^0.1.0 /Users/evan/Github/e-schultz/ngcourse-next
197 verbose already installed skipping karma-chrome-launcher@^0.2.1 /Users/evan/Github/e-schultz/ngcourse-next
198 verbose already installed skipping karma-coverage@^0.5.3 /Users/evan/Github/e-schultz/ngcourse-next
199 verbose already installed skipping karma-mocha@^0.2.0 /Users/evan/Github/e-schultz/ngcourse-next
200 verbose already installed skipping karma-mocha-reporter@^1.1.1 /Users/evan/Github/e-schultz/ngcourse-next
201 verbose already installed skipping karma-sinon@^1.0.4 /Users/evan/Github/e-schultz/ngcourse-next
202 verbose already installed skipping karma-sourcemap-loader@^0.3.6 /Users/evan/Github/e-schultz/ngcourse-next
203 verbose already installed skipping karma-webpack@^1.7.0 /Users/evan/Github/e-schultz/ngcourse-next
204 verbose already installed skipping mocha@^2.3.3 /Users/evan/Github/e-schultz/ngcourse-next
205 verbose already installed skipping ramda@^0.18.0 /Users/evan/Github/e-schultz/ngcourse-next
206 verbose already installed skipping raw-loader@^0.5.1 /Users/evan/Github/e-schultz/ngcourse-next
207 verbose already installed skipping rimraf@^2.4.3 /Users/evan/Github/e-schultz/ngcourse-next
208 verbose already installed skipping selenium-standalone@^4.7.1 /Users/evan/Github/e-schultz/ngcourse-next
209 verbose already installed skipping sinon@^1.17.2 /Users/evan/Github/e-schultz/ngcourse-next
210 verbose already installed skipping sinon-chai@^2.8.0 /Users/evan/Github/e-schultz/ngcourse-next
211 verbose already installed skipping style-loader@^0.13.0 /Users/evan/Github/e-schultz/ngcourse-next
212 verbose already installed skipping ts-loader@^0.6.0 /Users/evan/Github/e-schultz/ngcourse-next
213 verbose already installed skipping tsd@^0.6.5 /Users/evan/Github/e-schultz/ngcourse-next
214 verbose already installed skipping tslint-loader@^1.0.2 /Users/evan/Github/e-schultz/ngcourse-next
215 verbose already installed skipping typescript@^1.6.2 /Users/evan/Github/e-schultz/ngcourse-next
216 verbose already installed skipping url-loader@^0.5.6 /Users/evan/Github/e-schultz/ngcourse-next
217 verbose already installed skipping webdriverio@^3.2.6 /Users/evan/Github/e-schultz/ngcourse-next
218 verbose already installed skipping webpack@^1.12.2 /Users/evan/Github/e-schultz/ngcourse-next
219 verbose already installed skipping webpack-dev-server@^1.12.1 /Users/evan/Github/e-schultz/ngcourse-next
220 verbose already installed skipping angular@^1.4.7 /Users/evan/Github/e-schultz/ngcourse-next
221 verbose already installed skipping angular-ui-router@^0.2.15 /Users/evan/Github/e-schultz/ngcourse-next
222 verbose already installed skipping angular2@^2.0.0-alpha.54 /Users/evan/Github/e-schultz/ngcourse-next
223 verbose already installed skipping basscss@^7.0.4 /Users/evan/Github/e-schultz/ngcourse-next
224 verbose already installed skipping es6-promise@^3.0.2 /Users/evan/Github/e-schultz/ngcourse-next
225 verbose already installed skipping es6-shim@^0.33.13 /Users/evan/Github/e-schultz/ngcourse-next
226 verbose already installed skipping font-awesome@^4.4.0 /Users/evan/Github/e-schultz/ngcourse-next
227 verbose already installed skipping immutable@^3.7.5 /Users/evan/Github/e-schultz/ngcourse-next
228 silly install resolved []
229 info build /Users/evan/Github/e-schultz/ngcourse-next
230 info linkStuff ngcourse-next@1.0.0
231 silly linkStuff ngcourse-next@1.0.0 has /Users/evan/Github/e-schultz as its parent node_modules
232 verbose linkBins ngcourse-next@1.0.0
233 verbose linkMans ngcourse-next@1.0.0
234 verbose rebuildBundles ngcourse-next@1.0.0
235 verbose rebuildBundles [ '.bin',
235 verbose rebuildBundles   'angular',
235 verbose rebuildBundles   'angular-mocks',
235 verbose rebuildBundles   'angular-ui-router',
235 verbose rebuildBundles   'angular2',
235 verbose rebuildBundles   'basscss',
235 verbose rebuildBundles   'chai',
235 verbose rebuildBundles   'chai-as-promised',
235 verbose rebuildBundles   'css-loader',
235 verbose rebuildBundles   'es6-promise',
235 verbose rebuildBundles   'es6-shim',
235 verbose rebuildBundles   'extract-text-webpack-plugin',
235 verbose rebuildBundles   'file-loader',
235 verbose rebuildBundles   'font-awesome',
235 verbose rebuildBundles   'gulp',
235 verbose rebuildBundles   'gulp-concat',
235 verbose rebuildBundles   'gulp-connect',
235 verbose rebuildBundles   'gulp-filter',
235 verbose rebuildBundles   'gulp-js-beautify',
235 verbose rebuildBundles   'gulp-jshint',
235 verbose rebuildBundles   'gulp-karma',
235 verbose rebuildBundles   'gulp-mocha',
235 verbose rebuildBundles   'gulp-ng-annotate',
235 verbose rebuildBundles   'gulp-protractor',
235 verbose rebuildBundles   'gulp-rename',
235 verbose rebuildBundles   'gulp-sourcemaps',
235 verbose rebuildBundles   'gulp-typescript',
235 verbose rebuildBundles   'gulp-uglify',
235 verbose rebuildBundles   'gulp-watch',
235 verbose rebuildBundles   'html-webpack-plugin',
235 verbose rebuildBundles   'immutable',
235 verbose rebuildBundles   'istanbul',
235 verbose rebuildBundles   'istanbul-instrumenter-loader',
235 verbose rebuildBundles   'karma',
235 verbose rebuildBundles   'karma-chai',
235 verbose rebuildBundles   'karma-chrome-launcher',
235 verbose rebuildBundles   'karma-coverage',
235 verbose rebuildBundles   'karma-mocha',
235 verbose rebuildBundles   'karma-mocha-reporter',
235 verbose rebuildBundles   'karma-ng-html2js-preprocessor',
235 verbose rebuildBundles   'karma-requirejs',
235 verbose rebuildBundles   'karma-sinon',
235 verbose rebuildBundles   'karma-sourcemap-loader',
235 verbose rebuildBundles   'karma-typescript-preprocessor',
235 verbose rebuildBundles   'karma-webpack',
235 verbose rebuildBundles   'koast-angular',
235 verbose rebuildBundles   'lodash',
235 verbose rebuildBundles   'lodash-compat',
235 verbose rebuildBundles   'mocha',
235 verbose rebuildBundles   'q',
235 verbose rebuildBundles   'ramda',
235 verbose rebuildBundles   'rangle-gulp',
235 verbose rebuildBundles   'raw-loader',
235 verbose rebuildBundles   'reflect-metadata',
235 verbose rebuildBundles   'requirejs',
235 verbose rebuildBundles   'rimraf',
235 verbose rebuildBundles   'rx',
235 verbose rebuildBundles   'rxjs',
235 verbose rebuildBundles   'selenium-standalone',
235 verbose rebuildBundles   'sinon',
235 verbose rebuildBundles   'sinon-chai',
235 verbose rebuildBundles   'style-loader',
235 verbose rebuildBundles   'supertest',
235 verbose rebuildBundles   'supertest-as-promised',
235 verbose rebuildBundles   'systemjs-builder',
235 verbose rebuildBundles   'ts-loader',
235 verbose rebuildBundles   'tsd',
235 verbose rebuildBundles   'tslint-loader',
235 verbose rebuildBundles   'typescript',
235 verbose rebuildBundles   'url-loader',
235 verbose rebuildBundles   'webdriverio',
235 verbose rebuildBundles   'webpack',
235 verbose rebuildBundles   'webpack-dev-server',
235 verbose rebuildBundles   'zone.js' ]
236 verbose rebuild bundle /Users/evan/Github/e-schultz/ngcourse-next/node_modules/chai-as-promised
237 info build /Users/evan/Github/e-schultz/ngcourse-next/node_modules/chai-as-promised
238 info preinstall chai-as-promised@4.3.0
239 info linkStuff chai-as-promised@4.3.0
240 silly linkStuff chai-as-promised@4.3.0 has /Users/evan/Github/e-schultz/ngcourse-next/node_modules as its parent node_modules
241 verbose linkBins chai-as-promised@4.3.0
242 verbose linkMans chai-as-promised@4.3.0
243 verbose rebuildBundles chai-as-promised@4.3.0
244 info install chai-as-promised@4.3.0
245 info postinstall chai-as-promised@4.3.0
246 verbose rebuild bundle /Users/evan/Github/e-schultz/ngcourse-next/node_modules/gulp
247 info build /Users/evan/Github/e-schultz/ngcourse-next/node_modules/gulp
248 info preinstall gulp@3.9.0
249 info linkStuff gulp@3.9.0
250 silly linkStuff gulp@3.9.0 has /Users/evan/Github/e-schultz/ngcourse-next/node_modules as its parent node_modules
251 verbose linkBins gulp@3.9.0
252 verbose link bins [ { gulp: './bin/gulp.js' },
252 verbose link bins   '/Users/evan/Github/e-schultz/ngcourse-next/node_modules/.bin',
252 verbose link bins   false ]
253 verbose linkMans gulp@3.9.0
254 verbose rebuildBundles gulp@3.9.0
255 verbose rebuildBundles [ '.bin',
255 verbose rebuildBundles   'archy',
255 verbose rebuildBundles   'chalk',
255 verbose rebuildBundles   'deprecated',
255 verbose rebuildBundles   'gulp-util',
255 verbose rebuildBundles   'interpret',
255 verbose rebuildBundles   'liftoff',
255 verbose rebuildBundles   'minimist',
255 verbose rebuildBundles   'orchestrator',
255 verbose rebuildBundles   'pretty-hrtime',
255 verbose rebuildBundles   'semver',
255 verbose rebuildBundles   'tildify',
255 verbose rebuildBundles   'v8flags',
255 verbose rebuildBundles   'vinyl-fs' ]
256 silly gentlyRm /Users/evan/Github/e-schultz/ngcourse-next/node_modules/.bin/gulp is being purged
257 verbose gentlyRm don't care about contents; nuking /Users/evan/Github/e-schultz/ngcourse-next/node_modules/.bin/gulp
258 silly vacuum-fs purging /Users/evan/Github/e-schultz/ngcourse-next/node_modules/.bin/gulp
259 silly vacuum-fs quitting because other entries in /Users/evan/Github/e-schultz/ngcourse-next/node_modules/.bin
260 info install gulp@3.9.0
261 info postinstall gulp@3.9.0
262 verbose rebuild bundle /Users/evan/Github/e-schultz/ngcourse-next/node_modules/gulp-concat
263 info build /Users/evan/Github/e-schultz/ngcourse-next/node_modules/gulp-concat
264 info preinstall gulp-concat@2.5.2
265 info linkStuff gulp-concat@2.5.2
266 silly linkStuff gulp-concat@2.5.2 has /Users/evan/Github/e-schultz/ngcourse-next/node_modules as its parent node_modules
267 verbose linkBins gulp-concat@2.5.2
268 verbose linkMans gulp-concat@2.5.2
269 verbose rebuildBundles gulp-concat@2.5.2
270 verbose rebuildBundles [ 'concat-with-sourcemaps', 'gulp-util', 'through2' ]
271 info install gulp-concat@2.5.2
272 info postinstall gulp-concat@2.5.2
273 verbose rebuild bundle /Users/evan/Github/e-schultz/ngcourse-next/node_modules/gulp-connect
274 info build /Users/evan/Github/e-schultz/ngcourse-next/node_modules/gulp-connect
275 info preinstall gulp-connect@2.2.0
276 info linkStuff gulp-connect@2.2.0
277 silly linkStuff gulp-connect@2.2.0 has /Users/evan/Github/e-schultz/ngcourse-next/node_modules as its parent node_modules
278 verbose linkBins gulp-connect@2.2.0
279 verbose linkMans gulp-connect@2.2.0
280 verbose rebuildBundles gulp-connect@2.2.0
281 verbose rebuildBundles [ '.bin',
281 verbose rebuildBundles   'connect',
281 verbose rebuildBundles   'connect-livereload',
281 verbose rebuildBundles   'event-stream',
281 verbose rebuildBundles   'gulp-util',
281 verbose rebuildBundles   'tiny-lr' ]
282 info install gulp-connect@2.2.0
283 info postinstall gulp-connect@2.2.0
284 verbose rebuild bundle /Users/evan/Github/e-schultz/ngcourse-next/node_modules/gulp-filter
285 info build /Users/evan/Github/e-schultz/ngcourse-next/node_modules/gulp-filter
286 info preinstall gulp-filter@2.0.2
287 info linkStuff gulp-filter@2.0.2
288 silly linkStuff gulp-filter@2.0.2 has /Users/evan/Github/e-schultz/ngcourse-next/node_modules as its parent node_modules
289 verbose linkBins gulp-filter@2.0.2
290 verbose linkMans gulp-filter@2.0.2
291 verbose rebuildBundles gulp-filter@2.0.2
292 verbose rebuildBundles [ 'gulp-util', 'merge-stream', 'multimatch', 'plexer', 'through2' ]
293 info install gulp-filter@2.0.2
294 info postinstall gulp-filter@2.0.2
295 verbose rebuild bundle /Users/evan/Github/e-schultz/ngcourse-next/node_modules/gulp-js-beautify
296 info build /Users/evan/Github/e-schultz/ngcourse-next/node_modules/gulp-js-beautify
297 info preinstall gulp-js-beautify@0.0.2
298 info linkStuff gulp-js-beautify@0.0.2
299 silly linkStuff gulp-js-beautify@0.0.2 has /Users/evan/Github/e-schultz/ngcourse-next/node_modules as its parent node_modules
300 verbose linkBins gulp-js-beautify@0.0.2
301 verbose linkMans gulp-js-beautify@0.0.2
302 verbose rebuildBundles gulp-js-beautify@0.0.2
303 verbose rebuildBundles [ '.bin', 'event-stream', 'js-beautify' ]
304 info install gulp-js-beautify@0.0.2
305 info postinstall gulp-js-beautify@0.0.2
306 verbose rebuild bundle /Users/evan/Github/e-schultz/ngcourse-next/node_modules/gulp-jshint
307 info build /Users/evan/Github/e-schultz/ngcourse-next/node_modules/gulp-jshint
308 info preinstall gulp-jshint@1.11.0
309 info linkStuff gulp-jshint@1.11.0
310 silly linkStuff gulp-jshint@1.11.0 has /Users/evan/Github/e-schultz/ngcourse-next/node_modules as its parent node_modules
311 verbose linkBins gulp-jshint@1.11.0
312 verbose linkMans gulp-jshint@1.11.0
313 verbose rebuildBundles gulp-jshint@1.11.0
314 verbose rebuildBundles [ '.bin',
314 verbose rebuildBundles   'gulp-util',
314 verbose rebuildBundles   'jshint',
314 verbose rebuildBundles   'lodash',
314 verbose rebuildBundles   'minimatch',
314 verbose rebuildBundles   'rcloader',
314 verbose rebuildBundles   'through2' ]
315 info install gulp-jshint@1.11.0
316 info postinstall gulp-jshint@1.11.0
317 verbose rebuild bundle /Users/evan/Github/e-schultz/ngcourse-next/node_modules/gulp-karma
318 info build /Users/evan/Github/e-schultz/ngcourse-next/node_modules/gulp-karma
319 info preinstall gulp-karma@0.0.4
320 info linkStuff gulp-karma@0.0.4
321 silly linkStuff gulp-karma@0.0.4 has /Users/evan/Github/e-schultz/ngcourse-next/node_modules as its parent node_modules
322 verbose linkBins gulp-karma@0.0.4
323 verbose linkMans gulp-karma@0.0.4
324 verbose rebuildBundles gulp-karma@0.0.4
325 verbose rebuildBundles [ 'event-stream', 'gulp-util', 'optimist', 'xtend' ]
326 info install gulp-karma@0.0.4
327 info postinstall gulp-karma@0.0.4
328 verbose rebuild bundle /Users/evan/Github/e-schultz/ngcourse-next/node_modules/gulp-mocha
329 info build /Users/evan/Github/e-schultz/ngcourse-next/node_modules/gulp-mocha
330 info preinstall gulp-mocha@2.1.0
331 info linkStuff gulp-mocha@2.1.0
332 silly linkStuff gulp-mocha@2.1.0 has /Users/evan/Github/e-schultz/ngcourse-next/node_modules as its parent node_modules
333 verbose linkBins gulp-mocha@2.1.0
334 verbose linkMans gulp-mocha@2.1.0
335 verbose rebuildBundles gulp-mocha@2.1.0
336 verbose rebuildBundles [ 'gulp-util', 'through' ]
337 info install gulp-mocha@2.1.0
338 info postinstall gulp-mocha@2.1.0
339 verbose rebuild bundle /Users/evan/Github/e-schultz/ngcourse-next/node_modules/gulp-ng-annotate
340 info build /Users/evan/Github/e-schultz/ngcourse-next/node_modules/gulp-ng-annotate
341 info preinstall gulp-ng-annotate@0.5.3
342 info linkStuff gulp-ng-annotate@0.5.3
343 silly linkStuff gulp-ng-annotate@0.5.3 has /Users/evan/Github/e-schultz/ngcourse-next/node_modules as its parent node_modules
344 verbose linkBins gulp-ng-annotate@0.5.3
345 verbose linkMans gulp-ng-annotate@0.5.3
346 verbose rebuildBundles gulp-ng-annotate@0.5.3
347 verbose rebuildBundles [ '.bin',
347 verbose rebuildBundles   'bufferstreams',
347 verbose rebuildBundles   'gulp-util',
347 verbose rebuildBundles   'merge',
347 verbose rebuildBundles   'ng-annotate',
347 verbose rebuildBundles   'through2',
347 verbose rebuildBundles   'vinyl-sourcemaps-apply' ]
348 info install gulp-ng-annotate@0.5.3
349 info postinstall gulp-ng-annotate@0.5.3
350 verbose rebuild bundle /Users/evan/Github/e-schultz/ngcourse-next/node_modules/gulp-protractor
351 info build /Users/evan/Github/e-schultz/ngcourse-next/node_modules/gulp-protractor
352 info preinstall gulp-protractor@0.0.12
353 info linkStuff gulp-protractor@0.0.12
354 silly linkStuff gulp-protractor@0.0.12 has /Users/evan/Github/e-schultz/ngcourse-next/node_modules as its parent node_modules
355 verbose linkBins gulp-protractor@0.0.12
356 verbose linkMans gulp-protractor@0.0.12
357 verbose rebuildBundles gulp-protractor@0.0.12
358 verbose rebuildBundles [ '.bin',
358 verbose rebuildBundles   'async',
358 verbose rebuildBundles   'dargs',
358 verbose rebuildBundles   'event-stream',
358 verbose rebuildBundles   'gulp-util',
358 verbose rebuildBundles   'protractor' ]
359 info install gulp-protractor@0.0.12
360 info postinstall gulp-protractor@0.0.12
361 verbose rebuild bundle /Users/evan/Github/e-schultz/ngcourse-next/node_modules/gulp-rename
362 info build /Users/evan/Github/e-schultz/ngcourse-next/node_modules/gulp-rename
363 info preinstall gulp-rename@1.2.2
364 info linkStuff gulp-rename@1.2.2
365 silly linkStuff gulp-rename@1.2.2 has /Users/evan/Github/e-schultz/ngcourse-next/node_modules as its parent node_modules
366 verbose linkBins gulp-rename@1.2.2
367 verbose linkMans gulp-rename@1.2.2
368 verbose rebuildBundles gulp-rename@1.2.2
369 info install gulp-rename@1.2.2
370 info postinstall gulp-rename@1.2.2
371 verbose rebuild bundle /Users/evan/Github/e-schultz/ngcourse-next/node_modules/gulp-sourcemaps
372 info build /Users/evan/Github/e-schultz/ngcourse-next/node_modules/gulp-sourcemaps
373 info preinstall gulp-sourcemaps@1.5.2
374 info linkStuff gulp-sourcemaps@1.5.2
375 silly linkStuff gulp-sourcemaps@1.5.2 has /Users/evan/Github/e-schultz/ngcourse-next/node_modules as its parent node_modules
376 verbose linkBins gulp-sourcemaps@1.5.2
377 verbose linkMans gulp-sourcemaps@1.5.2
378 verbose rebuildBundles gulp-sourcemaps@1.5.2
379 verbose rebuildBundles [ '.bin',
379 verbose rebuildBundles   'convert-source-map',
379 verbose rebuildBundles   'graceful-fs',
379 verbose rebuildBundles   'strip-bom',
379 verbose rebuildBundles   'through2',
379 verbose rebuildBundles   'vinyl' ]
380 info install gulp-sourcemaps@1.5.2
381 info postinstall gulp-sourcemaps@1.5.2
382 verbose rebuild bundle /Users/evan/Github/e-schultz/ngcourse-next/node_modules/gulp-typescript
383 info build /Users/evan/Github/e-schultz/ngcourse-next/node_modules/gulp-typescript
384 info preinstall gulp-typescript@2.7.6
385 info linkStuff gulp-typescript@2.7.6
386 silly linkStuff gulp-typescript@2.7.6 has /Users/evan/Github/e-schultz/ngcourse-next/node_modules as its parent node_modules
387 verbose linkBins gulp-typescript@2.7.6
388 verbose linkMans gulp-typescript@2.7.6
389 verbose rebuildBundles gulp-typescript@2.7.6
390 verbose rebuildBundles [ '.bin',
390 verbose rebuildBundles   'gulp-util',
390 verbose rebuildBundles   'source-map',
390 verbose rebuildBundles   'through2',
390 verbose rebuildBundles   'typescript',
390 verbose rebuildBundles   'vinyl-fs' ]
391 info install gulp-typescript@2.7.6
392 info postinstall gulp-typescript@2.7.6
393 verbose rebuild bundle /Users/evan/Github/e-schultz/ngcourse-next/node_modules/gulp-uglify
394 info build /Users/evan/Github/e-schultz/ngcourse-next/node_modules/gulp-uglify
395 info preinstall gulp-uglify@1.2.0
396 info linkStuff gulp-uglify@1.2.0
397 silly linkStuff gulp-uglify@1.2.0 has /Users/evan/Github/e-schultz/ngcourse-next/node_modules as its parent node_modules
398 verbose linkBins gulp-uglify@1.2.0
399 verbose linkMans gulp-uglify@1.2.0
400 verbose rebuildBundles gulp-uglify@1.2.0
401 verbose rebuildBundles [ '.bin',
401 verbose rebuildBundles   'deap',
401 verbose rebuildBundles   'gulp-util',
401 verbose rebuildBundles   'through2',
401 verbose rebuildBundles   'uglify-js',
401 verbose rebuildBundles   'vinyl-sourcemaps-apply' ]
402 info install gulp-uglify@1.2.0
403 info postinstall gulp-uglify@1.2.0
404 verbose rebuild bundle /Users/evan/Github/e-schultz/ngcourse-next/node_modules/gulp-watch
405 info build /Users/evan/Github/e-schultz/ngcourse-next/node_modules/gulp-watch
406 info preinstall gulp-watch@4.2.4
407 info linkStuff gulp-watch@4.2.4
408 silly linkStuff gulp-watch@4.2.4 has /Users/evan/Github/e-schultz/ngcourse-next/node_modules as its parent node_modules
409 verbose linkBins gulp-watch@4.2.4
410 verbose linkMans gulp-watch@4.2.4
411 verbose rebuildBundles gulp-watch@4.2.4
412 verbose rebuildBundles [ 'anymatch',
412 verbose rebuildBundles   'chokidar',
412 verbose rebuildBundles   'glob-parent',
412 verbose rebuildBundles   'gulp-util',
412 verbose rebuildBundles   'is-glob',
412 verbose rebuildBundles   'path-is-absolute',
412 verbose rebuildBundles   'readable-stream',
412 verbose rebuildBundles   'vinyl',
412 verbose rebuildBundles   'vinyl-file' ]
413 info install gulp-watch@4.2.4
414 info postinstall gulp-watch@4.2.4
415 verbose rebuild bundle /Users/evan/Github/e-schultz/ngcourse-next/node_modules/karma-ng-html2js-preprocessor
416 info build /Users/evan/Github/e-schultz/ngcourse-next/node_modules/karma-ng-html2js-preprocessor
417 info preinstall karma-ng-html2js-preprocessor@0.1.2
418 info linkStuff karma-ng-html2js-preprocessor@0.1.2
419 silly linkStuff karma-ng-html2js-preprocessor@0.1.2 has /Users/evan/Github/e-schultz/ngcourse-next/node_modules as its parent node_modules
420 verbose linkBins karma-ng-html2js-preprocessor@0.1.2
421 verbose linkMans karma-ng-html2js-preprocessor@0.1.2
422 verbose rebuildBundles karma-ng-html2js-preprocessor@0.1.2
423 info install karma-ng-html2js-preprocessor@0.1.2
424 info postinstall karma-ng-html2js-preprocessor@0.1.2
425 verbose rebuild bundle /Users/evan/Github/e-schultz/ngcourse-next/node_modules/karma-requirejs
426 info build /Users/evan/Github/e-schultz/ngcourse-next/node_modules/karma-requirejs
427 info preinstall karma-requirejs@0.2.2
428 info linkStuff karma-requirejs@0.2.2
429 silly linkStuff karma-requirejs@0.2.2 has /Users/evan/Github/e-schultz/ngcourse-next/node_modules as its parent node_modules
430 verbose linkBins karma-requirejs@0.2.2
431 verbose linkMans karma-requirejs@0.2.2
432 verbose rebuildBundles karma-requirejs@0.2.2
433 info install karma-requirejs@0.2.2
434 info postinstall karma-requirejs@0.2.2
435 verbose rebuild bundle /Users/evan/Github/e-schultz/ngcourse-next/node_modules/karma-typescript-preprocessor
436 info build /Users/evan/Github/e-schultz/ngcourse-next/node_modules/karma-typescript-preprocessor
437 info preinstall karma-typescript-preprocessor@0.0.19
438 info linkStuff karma-typescript-preprocessor@0.0.19
439 silly linkStuff karma-typescript-preprocessor@0.0.19 has /Users/evan/Github/e-schultz/ngcourse-next/node_modules as its parent node_modules
440 verbose linkBins karma-typescript-preprocessor@0.0.19
441 verbose linkMans karma-typescript-preprocessor@0.0.19
442 verbose rebuildBundles karma-typescript-preprocessor@0.0.19
443 verbose rebuildBundles [ 'glob', 'lodash', 'node-tsc' ]
444 info install karma-typescript-preprocessor@0.0.19
445 info postinstall karma-typescript-preprocessor@0.0.19
446 verbose rebuild bundle /Users/evan/Github/e-schultz/ngcourse-next/node_modules/lodash
447 info build /Users/evan/Github/e-schultz/ngcourse-next/node_modules/lodash
448 info preinstall lodash@3.10.1
449 info linkStuff lodash@3.10.1
450 silly linkStuff lodash@3.10.1 has /Users/evan/Github/e-schultz/ngcourse-next/node_modules as its parent node_modules
451 verbose linkBins lodash@3.10.1
452 verbose linkMans lodash@3.10.1
453 verbose rebuildBundles lodash@3.10.1
454 info install lodash@3.10.1
455 info postinstall lodash@3.10.1
456 verbose rebuild bundle /Users/evan/Github/e-schultz/ngcourse-next/node_modules/q
457 info build /Users/evan/Github/e-schultz/ngcourse-next/node_modules/q
458 info preinstall q@1.4.1
459 info linkStuff q@1.4.1
460 silly linkStuff q@1.4.1 has /Users/evan/Github/e-schultz/ngcourse-next/node_modules as its parent node_modules
461 verbose linkBins q@1.4.1
462 verbose linkMans q@1.4.1
463 verbose rebuildBundles q@1.4.1
464 info install q@1.4.1
465 info postinstall q@1.4.1
466 verbose rebuild bundle /Users/evan/Github/e-schultz/ngcourse-next/node_modules/rangle-gulp
467 info build /Users/evan/Github/e-schultz/ngcourse-next/node_modules/rangle-gulp
468 info preinstall rangle-gulp@0.1.3
469 info linkStuff rangle-gulp@0.1.3
470 silly linkStuff rangle-gulp@0.1.3 has /Users/evan/Github/e-schultz/ngcourse-next/node_modules as its parent node_modules
471 verbose linkBins rangle-gulp@0.1.3
472 verbose linkMans rangle-gulp@0.1.3
473 verbose rebuildBundles rangle-gulp@0.1.3
474 verbose rebuildBundles [ '.bin',
474 verbose rebuildBundles   'colors',
474 verbose rebuildBundles   'connect-livereload',
474 verbose rebuildBundles   'gm',
474 verbose rebuildBundles   'gulp',
474 verbose rebuildBundles   'gulp-beautify',
474 verbose rebuildBundles   'gulp-embedlr',
474 verbose rebuildBundles   'gulp-filter',
474 verbose rebuildBundles   'gulp-jshint',
474 verbose rebuildBundles   'gulp-less',
474 verbose rebuildBundles   'gulp-livereload',
474 verbose rebuildBundles   'gulp-minify-css',
474 verbose rebuildBundles   'gulp-mocha',
474 verbose rebuildBundles   'gulp-nodemon',
474 verbose rebuildBundles   'gulp-protractor',
474 verbose rebuildBundles   'gulp-uglify',
474 verbose rebuildBundles   'gulp-watch',
474 verbose rebuildBundles   'karma-firefox-launcher',
474 verbose rebuildBundles   'karma-html2js-preprocessor',
474 verbose rebuildBundles   'karma-jasmine',
474 verbose rebuildBundles   'karma-phantomjs-launcher',
474 verbose rebuildBundles   'karma-requirejs',
474 verbose rebuildBundles   'karma-script-launcher',
474 verbose rebuildBundles   'lodash',
474 verbose rebuildBundles   'mocha',
474 verbose rebuildBundles   'requirejs',
474 verbose rebuildBundles   'tiny-lr',
474 verbose rebuildBundles   'winston' ]
475 info install rangle-gulp@0.1.3
476 info postinstall rangle-gulp@0.1.3
477 verbose rebuild bundle /Users/evan/Github/e-schultz/ngcourse-next/node_modules/requirejs
478 info build /Users/evan/Github/e-schultz/ngcourse-next/node_modules/requirejs
479 info preinstall requirejs@2.1.18
480 info linkStuff requirejs@2.1.18
481 silly linkStuff requirejs@2.1.18 has /Users/evan/Github/e-schultz/ngcourse-next/node_modules as its parent node_modules
482 verbose linkBins requirejs@2.1.18
483 verbose link bins [ { 'r.js': './bin/r.js' },
483 verbose link bins   '/Users/evan/Github/e-schultz/ngcourse-next/node_modules/.bin',
483 verbose link bins   false ]
484 verbose linkMans requirejs@2.1.18
485 verbose rebuildBundles requirejs@2.1.18
486 silly gentlyRm /Users/evan/Github/e-schultz/ngcourse-next/node_modules/.bin/r.js is being purged
487 verbose gentlyRm don't care about contents; nuking /Users/evan/Github/e-schultz/ngcourse-next/node_modules/.bin/r.js
488 silly vacuum-fs purging /Users/evan/Github/e-schultz/ngcourse-next/node_modules/.bin/r.js
489 silly vacuum-fs quitting because other entries in /Users/evan/Github/e-schultz/ngcourse-next/node_modules/.bin
490 info install requirejs@2.1.18
491 info postinstall requirejs@2.1.18
492 verbose rebuild bundle /Users/evan/Github/e-schultz/ngcourse-next/node_modules/supertest
493 info build /Users/evan/Github/e-schultz/ngcourse-next/node_modules/supertest
494 info preinstall supertest@0.15.0
495 info linkStuff supertest@0.15.0
496 silly linkStuff supertest@0.15.0 has /Users/evan/Github/e-schultz/ngcourse-next/node_modules as its parent node_modules
497 verbose linkBins supertest@0.15.0
498 verbose linkMans supertest@0.15.0
499 verbose rebuildBundles supertest@0.15.0
500 verbose rebuildBundles [ 'methods', 'superagent' ]
501 info install supertest@0.15.0
502 info postinstall supertest@0.15.0
503 verbose rebuild bundle /Users/evan/Github/e-schultz/ngcourse-next/node_modules/supertest-as-promised
504 info build /Users/evan/Github/e-schultz/ngcourse-next/node_modules/supertest-as-promised
505 info preinstall supertest-as-promised@1.0.0
506 info linkStuff supertest-as-promised@1.0.0
507 silly linkStuff supertest-as-promised@1.0.0 has /Users/evan/Github/e-schultz/ngcourse-next/node_modules as its parent node_modules
508 verbose linkBins supertest-as-promised@1.0.0
509 verbose linkMans supertest-as-promised@1.0.0
510 verbose rebuildBundles supertest-as-promised@1.0.0
511 verbose rebuildBundles [ 'bluebird', 'methods' ]
512 info install supertest-as-promised@1.0.0
513 info postinstall supertest-as-promised@1.0.0
514 verbose rebuild bundle /Users/evan/Github/e-schultz/ngcourse-next/node_modules/systemjs-builder
515 info build /Users/evan/Github/e-schultz/ngcourse-next/node_modules/systemjs-builder
516 info preinstall systemjs-builder@0.10.6
517 info linkStuff systemjs-builder@0.10.6
518 silly linkStuff systemjs-builder@0.10.6 has /Users/evan/Github/e-schultz/ngcourse-next/node_modules as its parent node_modules
519 verbose linkBins systemjs-builder@0.10.6
520 verbose linkMans systemjs-builder@0.10.6
521 verbose rebuildBundles systemjs-builder@0.10.6
522 verbose rebuildBundles [ '.bin',
522 verbose rebuildBundles   'glob',
522 verbose rebuildBundles   'mkdirp',
522 verbose rebuildBundles   'rsvp',
522 verbose rebuildBundles   'source-map',
522 verbose rebuildBundles   'systemjs',
522 verbose rebuildBundles   'traceur',
522 verbose rebuildBundles   'uglify-js' ]
523 info install systemjs-builder@0.10.6
524 info postinstall systemjs-builder@0.10.6
525 info install ngcourse-next@1.0.0
526 info postinstall ngcourse-next@1.0.0
527 verbose unsafe-perm in lifecycle true
528 info prepublish ngcourse-next@1.0.0
529 verbose validateInstall loading /Users/evan/Github/e-schultz/ngcourse-next/package.json for validation
530 warn unmet dependency /Users/evan/Github/e-schultz/ngcourse-next/node_modules/rangle-gulp requires chai@'^1.9.1' but will load
530 warn unmet dependency /Users/evan/Github/e-schultz/ngcourse-next/node_modules/chai,
530 warn unmet dependency which is version 3.4.1
531 warn unmet dependency /Users/evan/Github/e-schultz/ngcourse-next/node_modules/rangle-gulp requires karma@'^0.12.3' but will load
531 warn unmet dependency /Users/evan/Github/e-schultz/ngcourse-next/node_modules/karma,
531 warn unmet dependency which is version 0.13.15
532 warn unmet dependency /Users/evan/Github/e-schultz/ngcourse-next/node_modules/rangle-gulp requires karma-chrome-launcher@'~0.1.1' but will load
532 warn unmet dependency /Users/evan/Github/e-schultz/ngcourse-next/node_modules/karma-chrome-launcher,
532 warn unmet dependency which is version 0.2.2
533 warn unmet dependency /Users/evan/Github/e-schultz/ngcourse-next/node_modules/rangle-gulp requires karma-mocha@'^0.1.3' but will load
533 warn unmet dependency /Users/evan/Github/e-schultz/ngcourse-next/node_modules/karma-mocha,
533 warn unmet dependency which is version 0.2.1
534 verbose stack Error: The package chai@3.4.1 does not satisfy its siblings' peerDependencies requirements!
534 verbose stack     at /Users/evan/.nvm/versions/node/v4.2.1/lib/node_modules/npm/lib/install.js:125:32
534 verbose stack     at /Users/evan/.nvm/versions/node/v4.2.1/lib/node_modules/npm/lib/install.js:268:7
534 verbose stack     at /Users/evan/.nvm/versions/node/v4.2.1/lib/node_modules/npm/node_modules/read-installed/read-installed.js:142:5
534 verbose stack     at /Users/evan/.nvm/versions/node/v4.2.1/lib/node_modules/npm/node_modules/read-installed/read-installed.js:263:14
534 verbose stack     at cb (/Users/evan/.nvm/versions/node/v4.2.1/lib/node_modules/npm/node_modules/slide/lib/async-map.js:47:24)
534 verbose stack     at /Users/evan/.nvm/versions/node/v4.2.1/lib/node_modules/npm/node_modules/read-installed/read-installed.js:263:14
534 verbose stack     at cb (/Users/evan/.nvm/versions/node/v4.2.1/lib/node_modules/npm/node_modules/slide/lib/async-map.js:47:24)
534 verbose stack     at /Users/evan/.nvm/versions/node/v4.2.1/lib/node_modules/npm/node_modules/read-installed/read-installed.js:263:14
534 verbose stack     at cb (/Users/evan/.nvm/versions/node/v4.2.1/lib/node_modules/npm/node_modules/slide/lib/async-map.js:47:24)
534 verbose stack     at /Users/evan/.nvm/versions/node/v4.2.1/lib/node_modules/npm/node_modules/read-installed/read-installed.js:263:14
535 verbose cwd /Users/evan/Github/e-schultz/ngcourse-next
536 error Darwin 15.0.0
537 error argv "/Users/evan/.nvm/versions/node/v4.2.1/bin/node" "/Users/evan/.nvm/versions/node/v4.2.1/bin/npm" "install"
538 error node v4.2.1
539 error npm  v2.14.7
540 error code EPEERINVALID
541 error peerinvalid The package chai@3.4.1 does not satisfy its siblings' peerDependencies requirements!
541 error peerinvalid Peer karma-chai@0.1.0 wants chai@*
542 verbose exit [ 1, true ]
